0 info it worked if it ends with ok
1 verbose cli [ '/usr/bin/nodejs', '/usr/bin/npm', 'install', '-g', 'phonegap' ]
2 info using npm@2.14.7
3 info using node@v4.2.1
4 verbose install initial load of /usr/lib/package.json
5 verbose readDependencies loading dependencies from /usr/lib/package.json
6 silly cache add args [ 'phonegap', null ]
7 verbose cache add spec phonegap
8 silly cache add parsed spec Result {
8 silly cache add   raw: 'phonegap',
8 silly cache add   scope: null,
8 silly cache add   name: 'phonegap',
8 silly cache add   rawSpec: '',
8 silly cache add   spec: '*',
8 silly cache add   type: 'range' }
9 silly addNamed phonegap@*
10 verbose addNamed "*" is a valid semver range for phonegap
11 silly addNameRange { name: 'phonegap', range: '*', hasData: false }
12 silly mapToRegistry name phonegap
13 silly mapToRegistry using default registry
14 silly mapToRegistry registry https://registry.npmjs.org/
15 silly mapToRegistry uri https://registry.npmjs.org/phonegap
16 verbose addNameRange registry:https://registry.npmjs.org/phonegap not in flight; fetching
17 verbose request uri https://registry.npmjs.org/phonegap
18 verbose request no auth needed
19 info attempt registry request try #1 at 19:33:51
20 verbose request id e036912c22c79057
21 http request GET https://registry.npmjs.org/phonegap
22 info retry will retry, error on last attempt: Error: tunneling socket could not be established, cause=socket hang up
23 info attempt registry request try #2 at 19:34:38
24 http request GET https://registry.npmjs.org/phonegap
25 info retry will retry, error on last attempt: Error: tunneling socket could not be established, cause=socket hang up
26 info attempt registry request try #3 at 19:36:29
27 http request GET https://registry.npmjs.org/phonegap
28 http 200 https://registry.npmjs.org/phonegap
29 verbose headers { server: 'CouchDB/1.5.0 (Erlang OTP/R16B03)',
29 verbose headers   etag: '"MSS4JXLKW3O68IXJ91PL1QCW"',
29 verbose headers   'content-type': 'application/json',
29 verbose headers   'cache-control': 'max-age=60',
29 verbose headers   'content-length': '253141',
29 verbose headers   'accept-ranges': 'bytes',
29 verbose headers   date: 'Fri, 13 Nov 2015 16:37:06 GMT',
29 verbose headers   via: '1.1 varnish',
29 verbose headers   age: '0',
29 verbose headers   connection: 'close',
29 verbose headers   'x-served-by': 'cache-lhr6335-LHR',
29 verbose headers   'x-cache': 'HIT',
29 verbose headers   'x-cache-hits': '1',
29 verbose headers   'x-timer': 'S1447432626.115304,VS0,VE89',
29 verbose headers   vary: 'Accept' }
30 silly get cb [ 200,
30 silly get   { server: 'CouchDB/1.5.0 (Erlang OTP/R16B03)',
30 silly get     etag: '"MSS4JXLKW3O68IXJ91PL1QCW"',
30 silly get     'content-type': 'application/json',
30 silly get     'cache-control': 'max-age=60',
30 silly get     'content-length': '253141',
30 silly get     'accept-ranges': 'bytes',
30 silly get     date: 'Fri, 13 Nov 2015 16:37:06 GMT',
30 silly get     via: '1.1 varnish',
30 silly get     age: '0',
30 silly get     connection: 'close',
30 silly get     'x-served-by': 'cache-lhr6335-LHR',
30 silly get     'x-cache': 'HIT',
30 silly get     'x-cache-hits': '1',
30 silly get     'x-timer': 'S1447432626.115304,VS0,VE89',
30 silly get     vary: 'Accept' } ]
31 verbose get saving phonegap to /home/wamburu/.npm/registry.npmjs.org/phonegap/.cache.json
32 silly addNameRange number 2 { name: 'phonegap', range: '*', hasData: true }
33 silly addNameRange versions [ 'phonegap',
33 silly addNameRange   [ '0.2.0',
33 silly addNameRange     '0.2.1',
33 silly addNameRange     '0.2.2',
33 silly addNameRange     '0.3.0',
33 silly addNameRange     '0.4.0',
33 silly addNameRange     '0.4.1',
33 silly addNameRange     '0.5.0',
33 silly addNameRange     '0.6.0',
33 silly addNameRange     '0.6.1',
33 silly addNameRange     '0.7.0',
33 silly addNameRange     '0.7.1',
33 silly addNameRange     '0.7.2',
33 silly addNameRange     '0.7.3',
33 silly addNameRange     '0.7.4',
33 silly addNameRange     '0.7.5',
33 silly addNameRange     '0.7.6',
33 silly addNameRange     '0.7.7',
33 silly addNameRange     '0.7.8',
33 silly addNameRange     '0.8.0',
33 silly addNameRange     '0.8.1',
33 silly addNameRange     '0.9.0',
33 silly addNameRange     '0.9.1',
33 silly addNameRange     '0.9.2',
33 silly addNameRange     '0.9.3',
33 silly addNameRange     '0.9.4',
33 silly addNameRange     '2.8.0-0.10.0',
33 silly addNameRange     '2.8.0-0.10.1',
33 silly addNameRange     '2.8.0-0.10.2',
33 silly addNameRange     '2.8.0-0.10.3',
33 silly addNameRange     '2.8.0-0.10.4',
33 silly addNameRange     '2.8.0-0.10.6',
33 silly addNameRange     '2.8.1-0.11.0',
33 silly addNameRange     '2.9.0-0.12.2',
33 silly addNameRange     '2.9.0-0.12.3',
33 silly addNameRange     '2.9.0-0.12.4',
33 silly addNameRange     '2.9.0-0.12.5',
33 silly addNameRange     '2.9.0-0.12.6',
33 silly addNameRange     '2.9.0-0.12.7',
33 silly addNameRange     '2.9.0-0.12.8',
33 silly addNameRange     '2.9.0-rc1-0.12.0',
33 silly addNameRange     '2.9.0-rc1-0.12.1',
33 silly addNameRange     '2.9.0-rc1-0.12.2',
33 silly addNameRange     '2.9.0-0.12.9',
33 silly addNameRange     '2.9.0-0.12.10',
33 silly addNameRange     '2.9.0-0.12.11',
33 silly addNameRange     '2.9.0-0.13.0',
33 silly addNameRange     '2.9.0-0.13.1',
33 silly addNameRange     '2.9.0-0.13.2',
33 silly addNameRange     '3.0.0-rc1-0.13.2',
33 silly addNameRange     '3.0.0-rc1-0.13.3',
33 silly addNameRange     '3.0.0-0.14.0',
33 silly addNameRange     '3.0.0-0.14.1',
33 silly addNameRange     '3.0.0-0.14.2',
33 silly addNameRange     '3.0.0-0.14.3',
33 silly addNameRange     '3.0.0-0.14.4',
33 silly addNameRange     '3.1.0-0.15.0',
33 silly addNameRange     '3.2.0-0.15.0',
33 silly addNameRange     '3.2.0-0.16.0',
33 silly addNameRange     '3.2.0-0.17.0',
33 silly addNameRange     '3.2.0-0.17.1',
33 silly addNameRange     '3.3.0-0.17.1',
33 silly addNameRange     '3.3.0-0.18.0',
33 silly addNameRange     '3.3.0-0.18.1',
33 silly addNameRange     '3.3.0-0.19.0',
33 silly addNameRange     '3.3.0-0.19.1',
33 silly addNameRange     '3.3.0-0.19.2',
33 silly addNameRange     '3.3.0-0.19.3',
33 silly addNameRange     '3.3.0-0.19.4',
33 silly addNameRange     '3.3.0-0.19.5',
33 silly addNameRange     '3.3.0-0.19.6',
33 silly addNameRange     '3.4.0-0.19.7',
33 silly addNameRange     '3.4.0-0.19.8',
33 silly addNameRange     '3.4.0-0.19.9',
33 silly addNameRange     '3.4.0-0.19.10',
33 silly addNameRange     '3.4.0-0.19.11',
33 silly addNameRange     '3.4.0-0.19.12',
33 silly addNameRange     '3.4.0-0.19.13',
33 silly addNameRange     '3.4.0-0.19.14',
33 silly addNameRange     '3.4.0-0.19.15',
33 silly addNameRange     '3.4.0-0.19.16',
33 silly addNameRange     '3.4.0-0.19.17',
33 silly addNameRange     '3.4.0-0.19.18',
33 silly addNameRange     '3.4.0-0.19.19',
33 silly addNameRange     '3.4.0-0.19.20',
33 silly addNameRange     '3.4.0-0.19.21',
33 silly addNameRange     '3.4.0-0.20.0',
33 silly addNameRange     '3.5.0-0.19.23',
33 silly addNameRange     '3.5.0-0.20.0',
33 silly addNameRange     '3.5.0-0.20.1',
33 silly addNameRange     '3.5.0-0.20.3',
33 silly addNameRange     '3.5.0-0.20.4',
33 silly addNameRange     '3.5.0-0.20.5',
33 silly addNameRange     '3.5.0-0.20.6',
33 silly addNameRange     '3.5.0-0.20.7',
33 silly addNameRange     '3.5.0-0.20.9',
33 silly addNameRange     '3.5.0-0.20.10',
33 silly addNameRange     '3.5.0-0.20.14',
33 silly addNameRange     '3.5.0-0.21.14',
33 silly addNameRange     '3.5.0-0.21.15',
33 silly addNameRange     '3.5.0-0.21.16',
33 silly addNameRange     '3.5.0-0.21.17',
33 silly addNameRange     '3.5.0-0.21.18',
33 silly addNameRange     '3.6.0-0.21.18',
33 silly addNameRange     '3.6.0-0.21.19',
33 silly addNameRange     '3.6.3-0.22.0',
33 silly addNameRange     '3.6.3-0.22.1',
33 silly addNameRange     '3.6.3-0.22.2',
33 silly addNameRange     '3.6.3-0.22.3',
33 silly addNameRange     '3.6.3-0.22.4',
33 silly addNameRange     '3.6.3-0.22.5',
33 silly addNameRange     '3.6.3-0.22.6',
33 silly addNameRange     '3.6.3-0.22.7',
33 silly addNameRange     '4.0.0-0.22.7',
33 silly addNameRange     '4.1.2-0.22.7',
33 silly addNameRange     '4.1.2-0.22.8',
33 silly addNameRange     '4.1.2-0.22.9',
33 silly addNameRange     '4.1.2-0.22.10',
33 silly addNameRange     '4.1.2-0.22.11',
33 silly addNameRange     '4.1.2-0.22.12',
33 silly addNameRange     '4.2.0-0.23.0',
33 silly addNameRange     '4.2.0-0.24.0',
33 silly addNameRange     '4.2.0-0.24.1',
33 silly addNameRange     '4.2.0-0.24.2',
33 silly addNameRange     '4.2.0-0.25.0',
33 silly addNameRange     '4.2.0-0.26.0',
33 silly addNameRange     '5.0.0-0.27.0',
33 silly addNameRange     '5.0.0-0.27.1',
33 silly addNameRange     '5.0.0-0.28.0',
33 silly addNameRange     '5.0.0-0.28.1',
33 silly addNameRange     '5.1.1-0.29.0',
33 silly addNameRange     '5.1.1',
33 silly addNameRange     '5.2.0',
33 silly addNameRange     '5.2.1',
33 silly addNameRange     '5.2.2',
33 silly addNameRange     '5.2.3',
33 silly addNameRange     '5.3.1',
33 silly addNameRange     '5.3.2',
33 silly addNameRange     '5.3.3',
33 silly addNameRange     '5.3.4',
33 silly addNameRange     '5.3.5',
33 silly addNameRange     '5.3.6',
33 silly addNameRange     '5.3.7' ] ]
34 silly addNamed phonegap@5.3.7
35 verbose addNamed "5.3.7" is a plain semver version for phonegap
36 silly mapToRegistry name phonegap
37 silly mapToRegistry using default registry
38 silly mapToRegistry registry https://registry.npmjs.org/
39 silly mapToRegistry uri https://registry.npmjs.org/phonegap
40 verbose addRemoteTarball https://registry.npmjs.org/phonegap/-/phonegap-5.3.7.tgz not in flight; adding
41 verbose addRemoteTarball [ 'https://registry.npmjs.org/phonegap/-/phonegap-5.3.7.tgz',
41 verbose addRemoteTarball   '6baf298e85cbeb903d9588471b910ca2b46f7f7d' ]
42 info retry fetch attempt 1 at 19:37:58
43 info attempt registry request try #1 at 19:37:58
44 http fetch GET https://registry.npmjs.org/phonegap/-/phonegap-5.3.7.tgz
45 http fetch 200 https://registry.npmjs.org/phonegap/-/phonegap-5.3.7.tgz
46 silly fetchAndShaCheck shasum 6baf298e85cbeb903d9588471b910ca2b46f7f7d
47 verbose addTmpTarball /tmp/npm-4372-fa631a4a/registry.npmjs.org/phonegap/-/phonegap-5.3.7.tgz not in flight; adding
48 verbose addTmpTarball already have metadata; skipping unpack for phonegap@5.3.7
49 silly cache afterAdd phonegap@5.3.7
50 verbose afterAdd /home/wamburu/.npm/phonegap/5.3.7/package/package.json not in flight; writing
51 verbose afterAdd /home/wamburu/.npm/phonegap/5.3.7/package/package.json written
52 silly install resolved [ { name: 'phonegap',
52 silly install resolved     description: 'PhoneGap command-line interface and node.js library.',
52 silly install resolved     version: '5.3.7',
52 silly install resolved     homepage: 'http://github.com/phonegap/phonegap-cli',
52 silly install resolved     repository:
52 silly install resolved      { type: 'git',
52 silly install resolved        url: 'git://github.com/phonegap/phonegap-cli.git' },
52 silly install resolved     keywords:
52 silly install resolved      [ 'cli',
52 silly install resolved        'cordova',
52 silly install resolved        'phonegap',
52 silly install resolved        'phonegap build',
52 silly install resolved        'phonegap/build' ],
52 silly install resolved     preferGlobal: 'true',
52 silly install resolved     main: './lib/main.js',
52 silly install resolved     bin: { phonegap: './bin/phonegap.js' },
52 silly install resolved     scripts: { test: 'node node_modules/jasmine-node/bin/jasmine-node --color spec' },
52 silly install resolved     engineStrict: 'true',
52 silly install resolved     engines: { node: '>=0.10.0' },
52 silly install resolved     dependencies:
52 silly install resolved      { colors: '0.6.0-1',
52 silly install resolved        'connect-phonegap': '0.18.0',
52 silly install resolved        cordova: '5.4.0',
52 silly install resolved        minimist: '0.1.0',
52 silly install resolved        'phonegap-build': '0.9.2',
52 silly install resolved        pluralize: '0.0.4',
52 silly install resolved        prompt: '0.2.11',
52 silly install resolved        'qrcode-terminal': '0.9.4',
52 silly install resolved        semver: '1.1.0',
52 silly install resolved        shelljs: '0.1.4' },
52 silly install resolved     devDependencies: { 'jasmine-node': '1.14.5', chdir: '0.0.x' },
52 silly install resolved     optionalDependencies: {},
52 silly install resolved     contributors: [ [Object], [Object], [Object], [Object], [Object], [Object] ],
52 silly install resolved     templates:
52 silly install resolved      { blank: [Object],
52 silly install resolved        'hello-world': [Object],
52 silly install resolved        'hello-cordova': [Object],
52 silly install resolved        'jquery-mobile-starter': [Object] },
52 silly install resolved     gitHead: 'c509c0db20a8e9bdf96e87b8f0f4f23fbed23fee',
52 silly install resolved     bugs: { url: 'https://github.com/phonegap/phonegap-cli/issues' },
52 silly install resolved     _id: 'phonegap@5.3.7',
52 silly install resolved     _shasum: '6baf298e85cbeb903d9588471b910ca2b46f7f7d',
52 silly install resolved     _from: 'phonegap@*',
52 silly install resolved     _npmVersion: '3.3.6',
52 silly install resolved     _nodeVersion: '5.0.0',
52 silly install resolved     _npmUser: { name: 'mwbrooks', email: 'michael@michaelbrooks.ca' },
52 silly install resolved     dist:
52 silly install resolved      { shasum: '6baf298e85cbeb903d9588471b910ca2b46f7f7d',
52 silly install resolved        tarball: 'http://registry.npmjs.org/phonegap/-/phonegap-5.3.7.tgz' },
52 silly install resolved     maintainers: [ [Object], [Object], [Object], [Object] ],
52 silly install resolved     directories: {},
52 silly install resolved     _resolved: 'https://registry.npmjs.org/phonegap/-/phonegap-5.3.7.tgz' } ]
53 info install phonegap@5.3.7 into /usr/lib
54 info installOne phonegap@5.3.7
55 verbose installOne of phonegap to /usr/lib not in flight; installing
56 verbose lock using /home/wamburu/.npm/_locks/phonegap-e1442ff25c67abce.lock for /usr/lib/node_modules/phonegap
57 silly install write writing phonegap 5.3.7 to /usr/lib/node_modules/phonegap
58 verbose unbuild lib/node_modules/phonegap
59 silly gentlyRm /usr/lib/node_modules/phonegap is being purged from base /usr
60 verbose gentlyRm don't care about contents; nuking /usr/lib/node_modules/phonegap
61 verbose tar unpack /home/wamburu/.npm/phonegap/5.3.7/package.tgz
62 verbose tar unpacking to /usr/lib/node_modules/phonegap
63 silly gentlyRm /usr/lib/node_modules/phonegap is being purged
64 verbose gentlyRm don't care about contents; nuking /usr/lib/node_modules/phonegap
65 silly gunzTarPerm modes [ '755', '644' ]
66 silly gunzTarPerm extractEntry package.json
67 silly gunzTarPerm extractEntry .npmignore
68 silly gunzTarPerm extractEntry README.md
69 silly gunzTarPerm extractEntry LICENSE
70 silly gunzTarPerm extractEntry NOTICE
71 silly gunzTarPerm extractEntry .travis.yml
72 silly gunzTarPerm extractEntry CONTRIBUTING.md
73 silly gunzTarPerm extractEntry COPYRIGHT
74 silly gunzTarPerm extractEntry .bithoundrc
75 silly gunzTarPerm extractEntry bin/phonegap.js
76 silly gunzTarPerm extractEntry doc/cli/help.platform.txt
77 silly gunzTarPerm extractEntry doc/cli/help.build.txt
78 silly gunzTarPerm extractEntry doc/cli/help.cordova.txt
79 silly gunzTarPerm extractEntry doc/cli/help.create.txt
80 silly gunzTarPerm extractEntry doc/cli/help.emulate.txt
81 silly gunzTarPerm extractEntry doc/cli/help.help.txt
82 silly gunzTarPerm extractEntry doc/cli/help.info.txt
83 silly gunzTarPerm extractEntry doc/cli/help.install.txt
84 silly gunzTarPerm extractEntry doc/cli/help.local.build.txt
85 silly gunzTarPerm extractEntry doc/cli/help.local.install.txt
86 silly gunzTarPerm extractEntry doc/cli/help.local.plugin.add.txt
87 silly gunzTarPerm extractEntry doc/cli/help.local.plugin.list.txt
88 silly gunzTarPerm extractEntry doc/cli/help.local.plugin.remove.txt
89 silly gunzTarPerm extractEntry doc/cli/help.local.plugin.txt
90 silly gunzTarPerm extractEntry doc/cli/help.local.run.txt
91 silly gunzTarPerm extractEntry doc/cli/help.local.txt
92 silly gunzTarPerm extractEntry doc/cli/help.platform.add.txt
93 silly gunzTarPerm extractEntry doc/cli/help.platform.check.txt
94 silly gunzTarPerm extractEntry doc/cli/help.platform.list.txt
95 silly gunzTarPerm extractEntry doc/cli/help.platform.remove.txt
96 silly gunzTarPerm extractEntry doc/cli/help.compile.txt
97 silly gunzTarPerm extractEntry doc/cli/help.platform.update.txt
98 silly gunzTarPerm extractEntry doc/cli/help.plugin.add.txt
99 silly gunzTarPerm extractEntry doc/cli/help.plugin.list.txt
100 silly gunzTarPerm extractEntry doc/cli/help.plugin.remove.txt
101 silly gunzTarPerm extractEntry doc/cli/help.plugin.search.txt
102 silly gunzTarPerm extractEntry doc/cli/help.plugin.txt
103 silly gunzTarPerm extractEntry doc/cli/help.prepare.txt
104 silly gunzTarPerm extractEntry doc/cli/help.remote.build.txt
105 silly gunzTarPerm extractEntry doc/cli/help.remote.install.txt
106 silly gunzTarPerm extractEntry doc/cli/help.remote.login.txt
107 silly gunzTarPerm extractEntry doc/cli/help.remote.logout.txt
108 silly gunzTarPerm extractEntry doc/cli/help.remote.run.txt
109 silly gunzTarPerm extractEntry doc/cli/help.remote.txt
110 silly gunzTarPerm extractEntry doc/cli/help.run.txt
111 silly gunzTarPerm extractEntry doc/cli/help.save.txt
112 silly gunzTarPerm extractEntry doc/cli/help.serve.txt
113 silly gunzTarPerm extractEntry doc/cli/help.template.list.txt
114 silly gunzTarPerm extractEntry doc/cli/help.template.txt
115 silly gunzTarPerm extractEntry doc/cli/help.txt
116 silly gunzTarPerm extractEntry lib/cli.js
117 silly gunzTarPerm extractEntry lib/main.js
118 silly gunzTarPerm extractEntry lib/phonegap.js
119 silly gunzTarPerm extractEntry lib/cli/argv.js
120 silly gunzTarPerm extractEntry lib/cli/local.js
121 silly gunzTarPerm extractEntry lib/cli/remote.build.js
122 silly gunzTarPerm extractEntry lib/cli/remote.install.js
123 silly gunzTarPerm extractEntry lib/cli/install.js
124 silly gunzTarPerm extractEntry lib/cli/cordova.js
125 silly gunzTarPerm extractEntry lib/cli/remote.logout.js
126 silly gunzTarPerm extractEntry lib/cli/remote.run.js
127 silly gunzTarPerm extractEntry lib/cli/serve.js
128 silly gunzTarPerm extractEntry lib/cli/template.js
129 silly gunzTarPerm extractEntry lib/cli/help.js
130 silly gunzTarPerm extractEntry lib/cli/template.list.js
131 silly gunzTarPerm extractEntry lib/cli/create.js
132 silly gunzTarPerm extractEntry lib/cli/unknown.js
133 silly gunzTarPerm extractEntry lib/cli/remote.js
134 silly gunzTarPerm extractEntry lib/cli/version.js
135 silly gunzTarPerm extractEntry lib/cli/remote.login.js
136 silly gunzTarPerm extractEntry lib/cli/util/console.js
137 silly gunzTarPerm extractEntry lib/common/config.js
138 silly gunzTarPerm extractEntry lib/common/config/global.js
139 silly gunzTarPerm extractEntry lib/common/config/local.js
140 silly gunzTarPerm extractEntry lib/cordova/index.js
141 silly gunzTarPerm extractEntry lib/phonegap/cordova.js
142 silly gunzTarPerm extractEntry lib/phonegap/mode.js
143 silly gunzTarPerm extractEntry lib/phonegap/remote.build.js
144 silly gunzTarPerm extractEntry lib/phonegap/remote.install.js
145 silly gunzTarPerm extractEntry lib/phonegap/remote.login.js
146 silly gunzTarPerm extractEntry lib/phonegap/create.js
147 silly gunzTarPerm extractEntry lib/phonegap/remote.run.js
148 silly gunzTarPerm extractEntry lib/phonegap/serve.js
149 silly gunzTarPerm extractEntry lib/phonegap/template.list.js
150 silly gunzTarPerm extractEntry lib/phonegap/version.js
151 silly gunzTarPerm extractEntry lib/phonegap/remote.logout.js
152 silly gunzTarPerm extractEntry lib/phonegap/util/command.js
153 silly gunzTarPerm extractEntry lib/phonegap/util/phonegap-build.js
154 silly gunzTarPerm extractEntry lib/phonegap/util/platform.js
155 silly gunzTarPerm extractEntry lib/phonegap/util/project.js
156 silly gunzTarPerm extractEntry spec/cli.spec.js
157 silly gunzTarPerm extractEntry spec/main.spec.js
158 silly gunzTarPerm extractEntry spec/phonegap.spec.js
159 silly gunzTarPerm extractEntry spec/cli/app.spec.js
160 silly gunzTarPerm extractEntry spec/cli/local.spec.js
161 silly gunzTarPerm extractEntry spec/cli/remote.build.spec.js
162 silly gunzTarPerm extractEntry spec/cli/remote.install.spec.js
163 silly gunzTarPerm extractEntry spec/cli/remote.login.spec.js
164 silly gunzTarPerm extractEntry spec/cli/install.spec.js
165 silly gunzTarPerm extractEntry spec/cli/remote.run.spec.js
166 silly gunzTarPerm extractEntry spec/cli/remote.spec.js
167 silly gunzTarPerm extractEntry spec/cli/serve.spec.js
168 silly gunzTarPerm extractEntry spec/cli/template.list.spec.js
169 silly gunzTarPerm extractEntry spec/cli/template.spec.js
170 silly gunzTarPerm extractEntry spec/cli/help.spec.js
171 silly gunzTarPerm extractEntry spec/cli/unknown.spec.js
172 silly gunzTarPerm extractEntry spec/cli/create.spec.js
173 silly gunzTarPerm extractEntry spec/cli/verbose.spec.js
174 silly gunzTarPerm extractEntry spec/cli/cordova.spec.js
175 silly gunzTarPerm extractEntry spec/cli/version.spec.js
176 silly gunzTarPerm extractEntry spec/cli/remote.logout.spec.js
177 silly gunzTarPerm extractEntry spec/common/config/global.spec.js
178 silly gunzTarPerm extractEntry spec/common/config/local.spec.js
179 silly gunzTarPerm extractEntry spec/cordova/index.spec.js
180 silly gunzTarPerm extractEntry spec/phonegap/app.spec.js
181 silly gunzTarPerm extractEntry spec/phonegap/create.spec.js
182 silly gunzTarPerm extractEntry spec/phonegap/mode.spec.js
183 silly gunzTarPerm extractEntry spec/phonegap/remote.build.spec.js
184 silly gunzTarPerm extractEntry spec/phonegap/remote.install.spec.js
185 silly gunzTarPerm extractEntry spec/phonegap/cordova.spec.js
186 silly gunzTarPerm extractEntry spec/phonegap/remote.logout.spec.js
187 silly gunzTarPerm extractEntry spec/phonegap/remote.run.spec.js
188 silly gunzTarPerm extractEntry spec/phonegap/serve.spec.js
189 silly gunzTarPerm extractEntry spec/phonegap/template.list.spec.js
190 silly gunzTarPerm extractEntry spec/phonegap/version.spec.js
191 silly gunzTarPerm extractEntry spec/phonegap/remote.login.spec.js
192 silly gunzTarPerm extractEntry spec/phonegap/util/platform.spec.js
193 silly gunzTarPerm extractEntry spec/phonegap/util/project.spec.js
194 verbose write writing to /usr/lib/node_modules/phonegap/package.json
195 info preinstall phonegap@5.3.7
196 verbose readDependencies loading dependencies from /usr/lib/node_modules/phonegap/package.json
197 silly prepareForInstallMany adding colors@0.6.0-1 from phonegap dependencies
198 silly prepareForInstallMany adding connect-phonegap@0.18.0 from phonegap dependencies
199 silly prepareForInstallMany adding cordova@5.4.0 from phonegap dependencies
200 silly prepareForInstallMany adding minimist@0.1.0 from phonegap dependencies
201 silly prepareForInstallMany adding phonegap-build@0.9.2 from phonegap dependencies
202 silly prepareForInstallMany adding pluralize@0.0.4 from phonegap dependencies
203 silly prepareForInstallMany adding prompt@0.2.11 from phonegap dependencies
204 silly prepareForInstallMany adding qrcode-terminal@0.9.4 from phonegap dependencies
205 silly prepareForInstallMany adding semver@1.1.0 from phonegap dependencies
206 silly prepareForInstallMany adding shelljs@0.1.4 from phonegap dependencies
207 verbose readDependencies loading dependencies from /usr/lib/node_modules/phonegap/package.json
208 silly cache add args [ 'colors@0.6.0-1', null ]
209 verbose cache add spec colors@0.6.0-1
210 silly cache add args [ 'connect-phonegap@0.18.0', null ]
211 verbose cache add spec connect-phonegap@0.18.0
212 silly cache add parsed spec Result {
212 silly cache add   raw: 'colors@0.6.0-1',
212 silly cache add   scope: null,
212 silly cache add   name: 'colors',
212 silly cache add   rawSpec: '0.6.0-1',
212 silly cache add   spec: '0.6.0-1',
212 silly cache add   type: 'version' }
213 silly addNamed colors@0.6.0-1
214 verbose addNamed "0.6.0-1" is a plain semver version for colors
215 silly mapToRegistry name colors
216 silly mapToRegistry using default registry
217 silly mapToRegistry registry https://registry.npmjs.org/
218 silly mapToRegistry uri https://registry.npmjs.org/colors
219 verbose addNameVersion registry:https://registry.npmjs.org/colors not in flight; fetching
220 silly cache add parsed spec Result {
220 silly cache add   raw: 'connect-phonegap@0.18.0',
220 silly cache add   scope: null,
220 silly cache add   name: 'connect-phonegap',
220 silly cache add   rawSpec: '0.18.0',
220 silly cache add   spec: '0.18.0',
220 silly cache add   type: 'version' }
221 silly addNamed connect-phonegap@0.18.0
222 verbose addNamed "0.18.0" is a plain semver version for connect-phonegap
223 silly mapToRegistry name connect-phonegap
224 silly mapToRegistry using default registry
225 silly mapToRegistry registry https://registry.npmjs.org/
226 silly mapToRegistry uri https://registry.npmjs.org/connect-phonegap
227 verbose addNameVersion registry:https://registry.npmjs.org/connect-phonegap not in flight; fetching
228 silly cache add args [ 'cordova@5.4.0', null ]
229 verbose cache add spec cordova@5.4.0
230 silly cache add parsed spec Result {
230 silly cache add   raw: 'cordova@5.4.0',
230 silly cache add   scope: null,
230 silly cache add   name: 'cordova',
230 silly cache add   rawSpec: '5.4.0',
230 silly cache add   spec: '5.4.0',
230 silly cache add   type: 'version' }
231 silly addNamed cordova@5.4.0
232 verbose addNamed "5.4.0" is a plain semver version for cordova
233 silly mapToRegistry name cordova
234 silly mapToRegistry using default registry
235 silly mapToRegistry registry https://registry.npmjs.org/
236 silly mapToRegistry uri https://registry.npmjs.org/cordova
237 verbose addNameVersion registry:https://registry.npmjs.org/cordova not in flight; fetching
238 silly cache add args [ 'minimist@0.1.0', null ]
239 verbose cache add spec minimist@0.1.0
240 silly cache add parsed spec Result {
240 silly cache add   raw: 'minimist@0.1.0',
240 silly cache add   scope: null,
240 silly cache add   name: 'minimist',
240 silly cache add   rawSpec: '0.1.0',
240 silly cache add   spec: '0.1.0',
240 silly cache add   type: 'version' }
241 silly addNamed minimist@0.1.0
242 verbose addNamed "0.1.0" is a plain semver version for minimist
243 silly mapToRegistry name minimist
244 silly mapToRegistry using default registry
245 silly mapToRegistry registry https://registry.npmjs.org/
246 silly mapToRegistry uri https://registry.npmjs.org/minimist
247 verbose addNameVersion registry:https://registry.npmjs.org/minimist not in flight; fetching
248 silly cache add args [ 'phonegap-build@0.9.2', null ]
249 verbose cache add spec phonegap-build@0.9.2
250 silly cache add parsed spec Result {
250 silly cache add   raw: 'phonegap-build@0.9.2',
250 silly cache add   scope: null,
250 silly cache add   name: 'phonegap-build',
250 silly cache add   rawSpec: '0.9.2',
250 silly cache add   spec: '0.9.2',
250 silly cache add   type: 'version' }
251 silly addNamed phonegap-build@0.9.2
252 verbose addNamed "0.9.2" is a plain semver version for phonegap-build
253 silly mapToRegistry name phonegap-build
254 silly mapToRegistry using default registry
255 silly mapToRegistry registry https://registry.npmjs.org/
256 silly mapToRegistry uri https://registry.npmjs.org/phonegap-build
257 verbose addNameVersion registry:https://registry.npmjs.org/phonegap-build not in flight; fetching
258 silly cache add args [ 'pluralize@0.0.4', null ]
259 verbose cache add spec pluralize@0.0.4
260 silly cache add parsed spec Result {
260 silly cache add   raw: 'pluralize@0.0.4',
260 silly cache add   scope: null,
260 silly cache add   name: 'pluralize',
260 silly cache add   rawSpec: '0.0.4',
260 silly cache add   spec: '0.0.4',
260 silly cache add   type: 'version' }
261 silly addNamed pluralize@0.0.4
262 verbose addNamed "0.0.4" is a plain semver version for pluralize
263 silly mapToRegistry name pluralize
264 silly mapToRegistry using default registry
265 silly mapToRegistry registry https://registry.npmjs.org/
266 silly mapToRegistry uri https://registry.npmjs.org/pluralize
267 verbose addNameVersion registry:https://registry.npmjs.org/pluralize not in flight; fetching
268 silly cache add args [ 'prompt@0.2.11', null ]
269 verbose cache add spec prompt@0.2.11
270 silly cache add parsed spec Result {
270 silly cache add   raw: 'prompt@0.2.11',
270 silly cache add   scope: null,
270 silly cache add   name: 'prompt',
270 silly cache add   rawSpec: '0.2.11',
270 silly cache add   spec: '0.2.11',
270 silly cache add   type: 'version' }
271 silly addNamed prompt@0.2.11
272 verbose addNamed "0.2.11" is a plain semver version for prompt
273 silly mapToRegistry name prompt
274 silly mapToRegistry using default registry
275 silly mapToRegistry registry https://registry.npmjs.org/
276 silly mapToRegistry uri https://registry.npmjs.org/prompt
277 verbose addNameVersion registry:https://registry.npmjs.org/prompt not in flight; fetching
278 silly cache add args [ 'qrcode-terminal@0.9.4', null ]
279 verbose cache add spec qrcode-terminal@0.9.4
280 silly cache add parsed spec Result {
280 silly cache add   raw: 'qrcode-terminal@0.9.4',
280 silly cache add   scope: null,
280 silly cache add   name: 'qrcode-terminal',
280 silly cache add   rawSpec: '0.9.4',
280 silly cache add   spec: '0.9.4',
280 silly cache add   type: 'version' }
281 silly addNamed qrcode-terminal@0.9.4
282 verbose addNamed "0.9.4" is a plain semver version for qrcode-terminal
283 silly mapToRegistry name qrcode-terminal
284 silly mapToRegistry using default registry
285 silly mapToRegistry registry https://registry.npmjs.org/
286 silly mapToRegistry uri https://registry.npmjs.org/qrcode-terminal
287 verbose addNameVersion registry:https://registry.npmjs.org/qrcode-terminal not in flight; fetching
288 silly cache add args [ 'semver@1.1.0', null ]
289 verbose cache add spec semver@1.1.0
290 silly cache add parsed spec Result {
290 silly cache add   raw: 'semver@1.1.0',
290 silly cache add   scope: null,
290 silly cache add   name: 'semver',
290 silly cache add   rawSpec: '1.1.0',
290 silly cache add   spec: '1.1.0',
290 silly cache add   type: 'version' }
291 silly addNamed semver@1.1.0
292 verbose addNamed "1.1.0" is a plain semver version for semver
293 silly mapToRegistry name semver
294 silly mapToRegistry using default registry
295 silly mapToRegistry registry https://registry.npmjs.org/
296 silly mapToRegistry uri https://registry.npmjs.org/semver
297 verbose addNameVersion registry:https://registry.npmjs.org/semver not in flight; fetching
298 silly cache add args [ 'shelljs@0.1.4', null ]
299 verbose cache add spec shelljs@0.1.4
300 silly cache add parsed spec Result {
300 silly cache add   raw: 'shelljs@0.1.4',
300 silly cache add   scope: null,
300 silly cache add   name: 'shelljs',
300 silly cache add   rawSpec: '0.1.4',
300 silly cache add   spec: '0.1.4',
300 silly cache add   type: 'version' }
301 silly addNamed shelljs@0.1.4
302 verbose addNamed "0.1.4" is a plain semver version for shelljs
303 silly mapToRegistry name shelljs
304 silly mapToRegistry using default registry
305 silly mapToRegistry registry https://registry.npmjs.org/
306 silly mapToRegistry uri https://registry.npmjs.org/shelljs
307 verbose addNameVersion registry:https://registry.npmjs.org/shelljs not in flight; fetching
308 verbose request uri https://registry.npmjs.org/connect-phonegap
309 verbose request no auth needed
310 info attempt registry request try #1 at 19:40:04
311 http request GET https://registry.npmjs.org/connect-phonegap
312 verbose request uri https://registry.npmjs.org/phonegap-build
313 verbose request no auth needed
314 info attempt registry request try #1 at 19:40:04
315 http request GET https://registry.npmjs.org/phonegap-build
316 verbose request uri https://registry.npmjs.org/pluralize
317 verbose request no auth needed
318 info attempt registry request try #1 at 19:40:04
319 http request GET https://registry.npmjs.org/pluralize
320 verbose request uri https://registry.npmjs.org/qrcode-terminal
321 verbose request no auth needed
322 info attempt registry request try #1 at 19:40:04
323 http request GET https://registry.npmjs.org/qrcode-terminal
324 verbose request uri https://registry.npmjs.org/colors
325 verbose request no auth needed
326 info attempt registry request try #1 at 19:40:04
327 verbose etag "AF9TRY9LLDUDCCNCJF5OXVF5V"
328 http request GET https://registry.npmjs.org/colors
329 verbose request uri https://registry.npmjs.org/shelljs
330 verbose request no auth needed
331 info attempt registry request try #1 at 19:40:04
332 verbose etag "97QVRLQY8PE2307GLM7YV2IMR"
333 http request GET https://registry.npmjs.org/shelljs
334 verbose request uri https://registry.npmjs.org/cordova
335 verbose request no auth needed
336 info attempt registry request try #1 at 19:40:04
337 verbose etag "6BM0PAXOTEHDOSTQLKMD843X5"
338 http request GET https://registry.npmjs.org/cordova
339 verbose request uri https://registry.npmjs.org/minimist
340 verbose request no auth needed
341 info attempt registry request try #1 at 19:40:04
342 verbose etag "5IOWSJZKCOFNN6AXX78UH07HO"
343 http request GET https://registry.npmjs.org/minimist
344 verbose request uri https://registry.npmjs.org/semver
345 verbose request no auth needed
346 info attempt registry request try #1 at 19:40:04
347 verbose etag "66M4D8NEY6ZT8YQD1ZLWIR0JZ"
348 http request GET https://registry.npmjs.org/semver
349 verbose request uri https://registry.npmjs.org/prompt
350 verbose request no auth needed
351 info attempt registry request try #1 at 19:40:04
352 verbose etag "DA4LL8SLREZSXWZAOES99GY9Z"
353 http request GET https://registry.npmjs.org/prompt
354 http 304 https://registry.npmjs.org/colors
355 verbose headers { date: 'Fri, 13 Nov 2015 16:40:41 GMT',
355 verbose headers   via: '1.1 varnish',
355 verbose headers   'cache-control': 'max-age=60',
355 verbose headers   etag: '"AF9TRY9LLDUDCCNCJF5OXVF5V"',
355 verbose headers   age: '33',
355 verbose headers   connection: 'close',
355 verbose headers   'x-served-by': 'cache-fra1239-FRA',
355 verbose headers   'x-cache': 'HIT',
355 verbose headers   'x-cache-hits': '1',
355 verbose headers   'x-timer': 'S1447432841.392785,VS0,VE0',
355 verbose headers   vary: 'Accept' }
356 silly get cb [ 304,
356 silly get   { date: 'Fri, 13 Nov 2015 16:40:41 GMT',
356 silly get     via: '1.1 varnish',
356 silly get     'cache-control': 'max-age=60',
356 silly get     etag: '"AF9TRY9LLDUDCCNCJF5OXVF5V"',
356 silly get     age: '33',
356 silly get     connection: 'close',
356 silly get     'x-served-by': 'cache-fra1239-FRA',
356 silly get     'x-cache': 'HIT',
356 silly get     'x-cache-hits': '1',
356 silly get     'x-timer': 'S1447432841.392785,VS0,VE0',
356 silly get     vary: 'Accept' } ]
357 verbose etag https://registry.npmjs.org/colors from cache
358 verbose get saving colors to /home/wamburu/.npm/registry.npmjs.org/colors/.cache.json
359 silly mapToRegistry name colors
360 silly mapToRegistry using default registry
361 silly mapToRegistry registry https://registry.npmjs.org/
362 silly mapToRegistry uri https://registry.npmjs.org/colors
363 verbose addRemoteTarball https://registry.npmjs.org/colors/-/colors-0.6.0-1.tgz not in flight; adding
364 verbose addRemoteTarball [ 'https://registry.npmjs.org/colors/-/colors-0.6.0-1.tgz',
364 verbose addRemoteTarball   '6dbb68ceb8bc60f2b313dcc5ce1599f06d19e67a' ]
365 info retry fetch attempt 1 at 19:40:44
366 info attempt registry request try #1 at 19:40:44
367 http fetch GET https://registry.npmjs.org/colors/-/colors-0.6.0-1.tgz
368 http 304 https://registry.npmjs.org/semver
369 verbose headers { date: 'Fri, 13 Nov 2015 16:40:43 GMT',
369 verbose headers   via: '1.1 varnish',
369 verbose headers   'cache-control': 'max-age=60',
369 verbose headers   etag: '"66M4D8NEY6ZT8YQD1ZLWIR0JZ"',
369 verbose headers   age: '32',
369 verbose headers   connection: 'close',
369 verbose headers   'x-served-by': 'cache-fra1233-FRA',
369 verbose headers   'x-cache': 'HIT',
369 verbose headers   'x-cache-hits': '1',
369 verbose headers   'x-timer': 'S1447432843.253789,VS0,VE1',
369 verbose headers   vary: 'Accept' }
370 silly get cb [ 304,
370 silly get   { date: 'Fri, 13 Nov 2015 16:40:43 GMT',
370 silly get     via: '1.1 varnish',
370 silly get     'cache-control': 'max-age=60',
370 silly get     etag: '"66M4D8NEY6ZT8YQD1ZLWIR0JZ"',
370 silly get     age: '32',
370 silly get     connection: 'close',
370 silly get     'x-served-by': 'cache-fra1233-FRA',
370 silly get     'x-cache': 'HIT',
370 silly get     'x-cache-hits': '1',
370 silly get     'x-timer': 'S1447432843.253789,VS0,VE1',
370 silly get     vary: 'Accept' } ]
371 verbose etag https://registry.npmjs.org/semver from cache
372 verbose get saving semver to /home/wamburu/.npm/registry.npmjs.org/semver/.cache.json
373 silly mapToRegistry name semver
374 silly mapToRegistry using default registry
375 silly mapToRegistry registry https://registry.npmjs.org/
376 silly mapToRegistry uri https://registry.npmjs.org/semver
377 verbose addRemoteTarball https://registry.npmjs.org/semver/-/semver-1.1.0.tgz not in flight; adding
378 verbose addRemoteTarball [ 'https://registry.npmjs.org/semver/-/semver-1.1.0.tgz',
378 verbose addRemoteTarball   'da9b9c837e31550a7c928622bc2381de7dd7a53e' ]
379 info retry fetch attempt 1 at 19:40:49
380 info attempt registry request try #1 at 19:40:49
381 http fetch GET https://registry.npmjs.org/semver/-/semver-1.1.0.tgz
382 http 200 https://registry.npmjs.org/qrcode-terminal
383 verbose headers { server: 'CouchDB/1.5.0 (Erlang OTP/R16B03)',
383 verbose headers   etag: '"7LSJB2BVU6NB661RGHAAU7KTD"',
383 verbose headers   'content-type': 'application/json',
383 verbose headers   'cache-control': 'max-age=60',
383 verbose headers   'content-length': '20747',
383 verbose headers   'accept-ranges': 'bytes',
383 verbose headers   date: 'Fri, 13 Nov 2015 16:40:41 GMT',
383 verbose headers   via: '1.1 varnish',
383 verbose headers   age: '41',
383 verbose headers   connection: 'close',
383 verbose headers   'x-served-by': 'cache-fra1225-FRA',
383 verbose headers   'x-cache': 'HIT',
383 verbose headers   'x-cache-hits': '1',
383 verbose headers   'x-timer': 'S1447432841.332968,VS0,VE0',
383 verbose headers   vary: 'Accept' }
384 silly get cb [ 200,
384 silly get   { server: 'CouchDB/1.5.0 (Erlang OTP/R16B03)',
384 silly get     etag: '"7LSJB2BVU6NB661RGHAAU7KTD"',
384 silly get     'content-type': 'application/json',
384 silly get     'cache-control': 'max-age=60',
384 silly get     'content-length': '20747',
384 silly get     'accept-ranges': 'bytes',
384 silly get     date: 'Fri, 13 Nov 2015 16:40:41 GMT',
384 silly get     via: '1.1 varnish',
384 silly get     age: '41',
384 silly get     connection: 'close',
384 silly get     'x-served-by': 'cache-fra1225-FRA',
384 silly get     'x-cache': 'HIT',
384 silly get     'x-cache-hits': '1',
384 silly get     'x-timer': 'S1447432841.332968,VS0,VE0',
384 silly get     vary: 'Accept' } ]
385 verbose get saving qrcode-terminal to /home/wamburu/.npm/registry.npmjs.org/qrcode-terminal/.cache.json
386 silly mapToRegistry name qrcode-terminal
387 silly mapToRegistry using default registry
388 silly mapToRegistry registry https://registry.npmjs.org/
389 silly mapToRegistry uri https://registry.npmjs.org/qrcode-terminal
390 verbose addRemoteTarball https://registry.npmjs.org/qrcode-terminal/-/qrcode-terminal-0.9.4.tgz not in flight; adding
391 verbose addRemoteTarball [ 'https://registry.npmjs.org/qrcode-terminal/-/qrcode-terminal-0.9.4.tgz',
391 verbose addRemoteTarball   '7cde46b544ca667971c69c6acebf5074bd5045bb' ]
392 info retry fetch attempt 1 at 19:40:59
393 info attempt registry request try #1 at 19:40:59
394 http fetch GET https://registry.npmjs.org/qrcode-terminal/-/qrcode-terminal-0.9.4.tgz
395 http 200 https://registry.npmjs.org/minimist
396 verbose headers { server: 'CouchDB/1.5.0 (Erlang OTP/R16B03)',
396 verbose headers   etag: '"BW7ZDB5CLQ74FBE9GX3IWQ7MV"',
396 verbose headers   'content-type': 'application/json',
396 verbose headers   'cache-control': 'max-age=60',
396 verbose headers   'content-length': '27201',
396 verbose headers   'accept-ranges': 'bytes',
396 verbose headers   date: 'Fri, 13 Nov 2015 16:40:42 GMT',
396 verbose headers   via: '1.1 varnish',
396 verbose headers   age: '16',
396 verbose headers   connection: 'close',
396 verbose headers   'x-served-by': 'cache-fra1247-FRA',
396 verbose headers   'x-cache': 'HIT',
396 verbose headers   'x-cache-hits': '4',
396 verbose headers   'x-timer': 'S1447432842.793961,VS0,VE0',
396 verbose headers   vary: 'Accept' }
397 silly get cb [ 200,
397 silly get   { server: 'CouchDB/1.5.0 (Erlang OTP/R16B03)',
397 silly get     etag: '"BW7ZDB5CLQ74FBE9GX3IWQ7MV"',
397 silly get     'content-type': 'application/json',
397 silly get     'cache-control': 'max-age=60',
397 silly get     'content-length': '27201',
397 silly get     'accept-ranges': 'bytes',
397 silly get     date: 'Fri, 13 Nov 2015 16:40:42 GMT',
397 silly get     via: '1.1 varnish',
397 silly get     age: '16',
397 silly get     connection: 'close',
397 silly get     'x-served-by': 'cache-fra1247-FRA',
397 silly get     'x-cache': 'HIT',
397 silly get     'x-cache-hits': '4',
397 silly get     'x-timer': 'S1447432842.793961,VS0,VE0',
397 silly get     vary: 'Accept' } ]
398 verbose get saving minimist to /home/wamburu/.npm/registry.npmjs.org/minimist/.cache.json
399 silly mapToRegistry name minimist
400 silly mapToRegistry using default registry
401 silly mapToRegistry registry https://registry.npmjs.org/
402 silly mapToRegistry uri https://registry.npmjs.org/minimist
403 verbose addRemoteTarball https://registry.npmjs.org/minimist/-/minimist-0.1.0.tgz not in flight; adding
404 verbose addRemoteTarball [ 'https://registry.npmjs.org/minimist/-/minimist-0.1.0.tgz',
404 verbose addRemoteTarball   '99df657a52574c21c9057497df742790b2b4c0de' ]
405 info retry fetch attempt 1 at 19:41:08
406 info attempt registry request try #1 at 19:41:08
407 http fetch GET https://registry.npmjs.org/minimist/-/minimist-0.1.0.tgz
408 http 200 https://registry.npmjs.org/phonegap-build
409 verbose headers { server: 'CouchDB/1.5.0 (Erlang OTP/R16B03)',
409 verbose headers   etag: '"AY1VCQINOR3Q3F8SBD4ZKCWPK"',
409 verbose headers   'content-type': 'application/json',
409 verbose headers   'cache-control': 'max-age=60',
409 verbose headers   'content-length': '42083',
409 verbose headers   'accept-ranges': 'bytes',
409 verbose headers   date: 'Fri, 13 Nov 2015 16:40:41 GMT',
409 verbose headers   via: '1.1 varnish',
409 verbose headers   age: '0',
409 verbose headers   connection: 'close',
409 verbose headers   'x-served-by': 'cache-fra1241-FRA',
409 verbose headers   'x-cache': 'HIT',
409 verbose headers   'x-cache-hits': '1',
409 verbose headers   'x-timer': 'S1447432840.679173,VS0,VE958',
409 verbose headers   vary: 'Accept' }
410 silly get cb [ 200,
410 silly get   { server: 'CouchDB/1.5.0 (Erlang OTP/R16B03)',
410 silly get     etag: '"AY1VCQINOR3Q3F8SBD4ZKCWPK"',
410 silly get     'content-type': 'application/json',
410 silly get     'cache-control': 'max-age=60',
410 silly get     'content-length': '42083',
410 silly get     'accept-ranges': 'bytes',
410 silly get     date: 'Fri, 13 Nov 2015 16:40:41 GMT',
410 silly get     via: '1.1 varnish',
410 silly get     age: '0',
410 silly get     connection: 'close',
410 silly get     'x-served-by': 'cache-fra1241-FRA',
410 silly get     'x-cache': 'HIT',
410 silly get     'x-cache-hits': '1',
410 silly get     'x-timer': 'S1447432840.679173,VS0,VE958',
410 silly get     vary: 'Accept' } ]
411 verbose get saving phonegap-build to /home/wamburu/.npm/registry.npmjs.org/phonegap-build/.cache.json
412 silly mapToRegistry name phonegap-build
413 silly mapToRegistry using default registry
414 silly mapToRegistry registry https://registry.npmjs.org/
415 silly mapToRegistry uri https://registry.npmjs.org/phonegap-build
416 verbose addRemoteTarball https://registry.npmjs.org/phonegap-build/-/phonegap-build-0.9.2.tgz not in flight; adding
417 verbose addRemoteTarball [ 'https://registry.npmjs.org/phonegap-build/-/phonegap-build-0.9.2.tgz',
417 verbose addRemoteTarball   '6b156cff37c96deae81d87c9adc03aab91cf3896' ]
418 info retry fetch attempt 1 at 19:41:09
419 info attempt registry request try #1 at 19:41:09
420 http fetch GET https://registry.npmjs.org/phonegap-build/-/phonegap-build-0.9.2.tgz
421 http 200 https://registry.npmjs.org/pluralize
422 verbose headers { server: 'CouchDB/1.5.0 (Erlang OTP/R16B03)',
422 verbose headers   etag: '"2KJ80EVFO721G67PPSXW3YPV5"',
422 verbose headers   'content-type': 'application/json',
422 verbose headers   'cache-control': 'max-age=60',
422 verbose headers   'content-length': '29978',
422 verbose headers   'accept-ranges': 'bytes',
422 verbose headers   date: 'Fri, 13 Nov 2015 16:40:41 GMT',
422 verbose headers   via: '1.1 varnish',
422 verbose headers   age: '0',
422 verbose headers   connection: 'close',
422 verbose headers   'x-served-by': 'cache-fra1237-FRA',
422 verbose headers   'x-cache': 'HIT',
422 verbose headers   'x-cache-hits': '1',
422 verbose headers   'x-timer': 'S1447432840.848824,VS0,VE584',
422 verbose headers   vary: 'Accept' }
423 silly get cb [ 200,
423 silly get   { server: 'CouchDB/1.5.0 (Erlang OTP/R16B03)',
423 silly get     etag: '"2KJ80EVFO721G67PPSXW3YPV5"',
423 silly get     'content-type': 'application/json',
423 silly get     'cache-control': 'max-age=60',
423 silly get     'content-length': '29978',
423 silly get     'accept-ranges': 'bytes',
423 silly get     date: 'Fri, 13 Nov 2015 16:40:41 GMT',
423 silly get     via: '1.1 varnish',
423 silly get     age: '0',
423 silly get     connection: 'close',
423 silly get     'x-served-by': 'cache-fra1237-FRA',
423 silly get     'x-cache': 'HIT',
423 silly get     'x-cache-hits': '1',
423 silly get     'x-timer': 'S1447432840.848824,VS0,VE584',
423 silly get     vary: 'Accept' } ]
424 verbose get saving pluralize to /home/wamburu/.npm/registry.npmjs.org/pluralize/.cache.json
425 silly mapToRegistry name pluralize
426 silly mapToRegistry using default registry
427 silly mapToRegistry registry https://registry.npmjs.org/
428 silly mapToRegistry uri https://registry.npmjs.org/pluralize
429 verbose addRemoteTarball https://registry.npmjs.org/pluralize/-/pluralize-0.0.4.tgz not in flight; adding
430 verbose addRemoteTarball [ 'https://registry.npmjs.org/pluralize/-/pluralize-0.0.4.tgz',
430 verbose addRemoteTarball   '1dc3f5dd4ec729a7e92e5387ec8de120c7b5146d' ]
431 info retry fetch attempt 1 at 19:41:11
432 info attempt registry request try #1 at 19:41:11
433 http fetch GET https://registry.npmjs.org/pluralize/-/pluralize-0.0.4.tgz
434 http fetch 200 https://registry.npmjs.org/colors/-/colors-0.6.0-1.tgz
435 silly fetchAndShaCheck shasum 6dbb68ceb8bc60f2b313dcc5ce1599f06d19e67a
436 verbose addTmpTarball /tmp/npm-4372-fa631a4a/registry.npmjs.org/colors/-/colors-0.6.0-1.tgz not in flight; adding
437 verbose addTmpTarball already have metadata; skipping unpack for colors@0.6.0-1
438 silly cache afterAdd colors@0.6.0-1
439 verbose afterAdd /home/wamburu/.npm/colors/0.6.0-1/package/package.json not in flight; writing
440 verbose afterAdd /home/wamburu/.npm/colors/0.6.0-1/package/package.json written
441 http 200 https://registry.npmjs.org/shelljs
442 verbose headers { server: 'CouchDB/1.5.0 (Erlang OTP/R16B03)',
442 verbose headers   etag: '"CVN21BP1QSHHGJJF6MW6RELNI"',
442 verbose headers   'content-type': 'application/json',
442 verbose headers   'cache-control': 'max-age=60',
442 verbose headers   'content-length': '53648',
442 verbose headers   'accept-ranges': 'bytes',
442 verbose headers   date: 'Fri, 13 Nov 2015 16:40:42 GMT',
442 verbose headers   via: '1.1 varnish',
442 verbose headers   age: '31',
442 verbose headers   connection: 'close',
442 verbose headers   'x-served-by': 'cache-fra1222-FRA',
442 verbose headers   'x-cache': 'HIT',
442 verbose headers   'x-cache-hits': '1',
442 verbose headers   'x-timer': 'S1447432842.956461,VS0,VE1',
442 verbose headers   vary: 'Accept' }
443 silly get cb [ 200,
443 silly get   { server: 'CouchDB/1.5.0 (Erlang OTP/R16B03)',
443 silly get     etag: '"CVN21BP1QSHHGJJF6MW6RELNI"',
443 silly get     'content-type': 'application/json',
443 silly get     'cache-control': 'max-age=60',
443 silly get     'content-length': '53648',
443 silly get     'accept-ranges': 'bytes',
443 silly get     date: 'Fri, 13 Nov 2015 16:40:42 GMT',
443 silly get     via: '1.1 varnish',
443 silly get     age: '31',
443 silly get     connection: 'close',
443 silly get     'x-served-by': 'cache-fra1222-FRA',
443 silly get     'x-cache': 'HIT',
443 silly get     'x-cache-hits': '1',
443 silly get     'x-timer': 'S1447432842.956461,VS0,VE1',
443 silly get     vary: 'Accept' } ]
444 verbose get saving shelljs to /home/wamburu/.npm/registry.npmjs.org/shelljs/.cache.json
445 silly mapToRegistry name shelljs
446 silly mapToRegistry using default registry
447 silly mapToRegistry registry https://registry.npmjs.org/
448 silly mapToRegistry uri https://registry.npmjs.org/shelljs
449 verbose addRemoteTarball https://registry.npmjs.org/shelljs/-/shelljs-0.1.4.tgz not in flight; adding
450 verbose addRemoteTarball [ 'https://registry.npmjs.org/shelljs/-/shelljs-0.1.4.tgz',
450 verbose addRemoteTarball   'dfbbe78d56c3c0168d2fb79e10ecd1dbcb07ec0e' ]
451 info retry fetch attempt 1 at 19:41:22
452 info attempt registry request try #1 at 19:41:22
453 http fetch GET https://registry.npmjs.org/shelljs/-/shelljs-0.1.4.tgz
454 http 200 https://registry.npmjs.org/prompt
455 verbose headers { server: 'CouchDB/1.5.0 (Erlang OTP/R16B03)',
455 verbose headers   etag: '"EKMMJQXBY0UVI805KBCGDNCUO"',
455 verbose headers   'content-type': 'application/json',
455 verbose headers   'cache-control': 'max-age=60',
455 verbose headers   'content-length': '43909',
455 verbose headers   'accept-ranges': 'bytes',
455 verbose headers   date: 'Fri, 13 Nov 2015 16:40:43 GMT',
455 verbose headers   via: '1.1 varnish',
455 verbose headers   age: '0',
455 verbose headers   connection: 'close',
455 verbose headers   'x-served-by': 'cache-fra1230-FRA',
455 verbose headers   'x-cache': 'HIT',
455 verbose headers   'x-cache-hits': '1',
455 verbose headers   'x-timer': 'S1447432842.917316,VS0,VE896',
455 verbose headers   vary: 'Accept' }
456 silly get cb [ 200,
456 silly get   { server: 'CouchDB/1.5.0 (Erlang OTP/R16B03)',
456 silly get     etag: '"EKMMJQXBY0UVI805KBCGDNCUO"',
456 silly get     'content-type': 'application/json',
456 silly get     'cache-control': 'max-age=60',
456 silly get     'content-length': '43909',
456 silly get     'accept-ranges': 'bytes',
456 silly get     date: 'Fri, 13 Nov 2015 16:40:43 GMT',
456 silly get     via: '1.1 varnish',
456 silly get     age: '0',
456 silly get     connection: 'close',
456 silly get     'x-served-by': 'cache-fra1230-FRA',
456 silly get     'x-cache': 'HIT',
456 silly get     'x-cache-hits': '1',
456 silly get     'x-timer': 'S1447432842.917316,VS0,VE896',
456 silly get     vary: 'Accept' } ]
457 verbose get saving prompt to /home/wamburu/.npm/registry.npmjs.org/prompt/.cache.json
458 silly mapToRegistry name prompt
459 silly mapToRegistry using default registry
460 silly mapToRegistry registry https://registry.npmjs.org/
461 silly mapToRegistry uri https://registry.npmjs.org/prompt
462 verbose addRemoteTarball https://registry.npmjs.org/prompt/-/prompt-0.2.11.tgz not in flight; adding
463 verbose addRemoteTarball [ 'https://registry.npmjs.org/prompt/-/prompt-0.2.11.tgz',
463 verbose addRemoteTarball   '26d455af4b7fac15291dfcdddf2400328c1fa446' ]
464 info retry fetch attempt 1 at 19:41:26
465 info attempt registry request try #1 at 19:41:26
466 http fetch GET https://registry.npmjs.org/prompt/-/prompt-0.2.11.tgz
467 http fetch 200 https://registry.npmjs.org/qrcode-terminal/-/qrcode-terminal-0.9.4.tgz
468 http fetch 200 https://registry.npmjs.org/pluralize/-/pluralize-0.0.4.tgz
469 http fetch 200 https://registry.npmjs.org/shelljs/-/shelljs-0.1.4.tgz
470 silly fetchAndShaCheck shasum 1dc3f5dd4ec729a7e92e5387ec8de120c7b5146d
471 verbose addTmpTarball /tmp/npm-4372-fa631a4a/registry.npmjs.org/pluralize/-/pluralize-0.0.4.tgz not in flight; adding
472 verbose addTmpTarball already have metadata; skipping unpack for pluralize@0.0.4
473 silly cache afterAdd pluralize@0.0.4
474 verbose afterAdd /home/wamburu/.npm/pluralize/0.0.4/package/package.json not in flight; writing
475 verbose afterAdd /home/wamburu/.npm/pluralize/0.0.4/package/package.json written
476 silly fetchAndShaCheck shasum dfbbe78d56c3c0168d2fb79e10ecd1dbcb07ec0e
477 verbose addTmpTarball /tmp/npm-4372-fa631a4a/registry.npmjs.org/shelljs/-/shelljs-0.1.4.tgz not in flight; adding
478 verbose addTmpTarball already have metadata; skipping unpack for shelljs@0.1.4
479 silly cache afterAdd shelljs@0.1.4
480 verbose afterAdd /home/wamburu/.npm/shelljs/0.1.4/package/package.json not in flight; writing
481 verbose afterAdd /home/wamburu/.npm/shelljs/0.1.4/package/package.json written
482 http fetch 200 https://registry.npmjs.org/semver/-/semver-1.1.0.tgz
483 silly fetchAndShaCheck shasum da9b9c837e31550a7c928622bc2381de7dd7a53e
484 verbose addTmpTarball /tmp/npm-4372-fa631a4a/registry.npmjs.org/semver/-/semver-1.1.0.tgz not in flight; adding
485 verbose addTmpTarball already have metadata; skipping unpack for semver@1.1.0
486 silly cache afterAdd semver@1.1.0
487 verbose afterAdd /home/wamburu/.npm/semver/1.1.0/package/package.json not in flight; writing
488 verbose afterAdd /home/wamburu/.npm/semver/1.1.0/package/package.json written
489 http fetch 200 https://registry.npmjs.org/minimist/-/minimist-0.1.0.tgz
490 silly fetchAndShaCheck shasum 99df657a52574c21c9057497df742790b2b4c0de
491 verbose addTmpTarball /tmp/npm-4372-fa631a4a/registry.npmjs.org/minimist/-/minimist-0.1.0.tgz not in flight; adding
492 verbose addTmpTarball already have metadata; skipping unpack for minimist@0.1.0
493 silly cache afterAdd minimist@0.1.0
494 verbose afterAdd /home/wamburu/.npm/minimist/0.1.0/package/package.json not in flight; writing
495 verbose afterAdd /home/wamburu/.npm/minimist/0.1.0/package/package.json written
496 silly fetchAndShaCheck shasum 7cde46b544ca667971c69c6acebf5074bd5045bb
497 verbose addTmpTarball /tmp/npm-4372-fa631a4a/registry.npmjs.org/qrcode-terminal/-/qrcode-terminal-0.9.4.tgz not in flight; adding
498 verbose addTmpTarball already have metadata; skipping unpack for qrcode-terminal@0.9.4
499 silly cache afterAdd qrcode-terminal@0.9.4
500 verbose afterAdd /home/wamburu/.npm/qrcode-terminal/0.9.4/package/package.json not in flight; writing
501 verbose afterAdd /home/wamburu/.npm/qrcode-terminal/0.9.4/package/package.json written
502 http fetch 200 https://registry.npmjs.org/prompt/-/prompt-0.2.11.tgz
503 silly fetchAndShaCheck shasum 26d455af4b7fac15291dfcdddf2400328c1fa446
504 verbose addTmpTarball /tmp/npm-4372-fa631a4a/registry.npmjs.org/prompt/-/prompt-0.2.11.tgz not in flight; adding
505 verbose addTmpTarball already have metadata; skipping unpack for prompt@0.2.11
506 silly cache afterAdd prompt@0.2.11
507 verbose afterAdd /home/wamburu/.npm/prompt/0.2.11/package/package.json not in flight; writing
508 verbose afterAdd /home/wamburu/.npm/prompt/0.2.11/package/package.json written
509 http fetch 200 https://registry.npmjs.org/phonegap-build/-/phonegap-build-0.9.2.tgz
510 http 200 https://registry.npmjs.org/connect-phonegap
511 verbose headers { server: 'CouchDB/1.5.0 (Erlang OTP/R16B03)',
511 verbose headers   etag: '"AABFVQNQFOORGTUAOGKNIJZLG"',
511 verbose headers   'content-type': 'application/json',
511 verbose headers   'cache-control': 'max-age=60',
511 verbose headers   'content-length': '62523',
511 verbose headers   'accept-ranges': 'bytes',
511 verbose headers   date: 'Fri, 13 Nov 2015 16:40:40 GMT',
511 verbose headers   via: '1.1 varnish',
511 verbose headers   age: '0',
511 verbose headers   connection: 'close',
511 verbose headers   'x-served-by': 'cache-fra1237-FRA',
511 verbose headers   'x-cache': 'HIT',
511 verbose headers   'x-cache-hits': '1',
511 verbose headers   'x-timer': 'S1447432840.819461,VS0,VE147',
511 verbose headers   vary: 'Accept' }
512 silly get cb [ 200,
512 silly get   { server: 'CouchDB/1.5.0 (Erlang OTP/R16B03)',
512 silly get     etag: '"AABFVQNQFOORGTUAOGKNIJZLG"',
512 silly get     'content-type': 'application/json',
512 silly get     'cache-control': 'max-age=60',
512 silly get     'content-length': '62523',
512 silly get     'accept-ranges': 'bytes',
512 silly get     date: 'Fri, 13 Nov 2015 16:40:40 GMT',
512 silly get     via: '1.1 varnish',
512 silly get     age: '0',
512 silly get     connection: 'close',
512 silly get     'x-served-by': 'cache-fra1237-FRA',
512 silly get     'x-cache': 'HIT',
512 silly get     'x-cache-hits': '1',
512 silly get     'x-timer': 'S1447432840.819461,VS0,VE147',
512 silly get     vary: 'Accept' } ]
513 verbose get saving connect-phonegap to /home/wamburu/.npm/registry.npmjs.org/connect-phonegap/.cache.json
514 silly mapToRegistry name connect-phonegap
515 silly mapToRegistry using default registry
516 silly mapToRegistry registry https://registry.npmjs.org/
517 silly mapToRegistry uri https://registry.npmjs.org/connect-phonegap
518 verbose addRemoteTarball https://registry.npmjs.org/connect-phonegap/-/connect-phonegap-0.18.0.tgz not in flight; adding
519 verbose addRemoteTarball [ 'https://registry.npmjs.org/connect-phonegap/-/connect-phonegap-0.18.0.tgz',
519 verbose addRemoteTarball   '7900fe1f384f8c6225a5090a76abaebc5290f594' ]
520 info retry fetch attempt 1 at 19:41:46
521 info attempt registry request try #1 at 19:41:46
522 http fetch GET https://registry.npmjs.org/connect-phonegap/-/connect-phonegap-0.18.0.tgz
523 http 200 https://registry.npmjs.org/cordova
524 verbose headers { server: 'CouchDB/1.5.0 (Erlang OTP/R16B03)',
524 verbose headers   etag: '"6EDQWLWP7YEAT17K6C9ON3TCQ"',
524 verbose headers   'content-type': 'application/json',
524 verbose headers   'cache-control': 'max-age=60',
524 verbose headers   'content-length': '367820',
524 verbose headers   'accept-ranges': 'bytes',
524 verbose headers   date: 'Fri, 13 Nov 2015 16:40:43 GMT',
524 verbose headers   via: '1.1 varnish',
524 verbose headers   age: '42',
524 verbose headers   connection: 'close',
524 verbose headers   'x-served-by': 'cache-fra1225-FRA',
524 verbose headers   'x-cache': 'HIT',
524 verbose headers   'x-cache-hits': '1',
524 verbose headers   'x-timer': 'S1447432843.355182,VS0,VE4',
524 verbose headers   vary: 'Accept' }
525 silly get cb [ 200,
525 silly get   { server: 'CouchDB/1.5.0 (Erlang OTP/R16B03)',
525 silly get     etag: '"6EDQWLWP7YEAT17K6C9ON3TCQ"',
525 silly get     'content-type': 'application/json',
525 silly get     'cache-control': 'max-age=60',
525 silly get     'content-length': '367820',
525 silly get     'accept-ranges': 'bytes',
525 silly get     date: 'Fri, 13 Nov 2015 16:40:43 GMT',
525 silly get     via: '1.1 varnish',
525 silly get     age: '42',
525 silly get     connection: 'close',
525 silly get     'x-served-by': 'cache-fra1225-FRA',
525 silly get     'x-cache': 'HIT',
525 silly get     'x-cache-hits': '1',
525 silly get     'x-timer': 'S1447432843.355182,VS0,VE4',
525 silly get     vary: 'Accept' } ]
526 verbose get saving cordova to /home/wamburu/.npm/registry.npmjs.org/cordova/.cache.json
527 http fetch 200 https://registry.npmjs.org/connect-phonegap/-/connect-phonegap-0.18.0.tgz
528 silly mapToRegistry name cordova
529 silly mapToRegistry using default registry
530 silly mapToRegistry registry https://registry.npmjs.org/
531 silly mapToRegistry uri https://registry.npmjs.org/cordova
532 verbose addRemoteTarball https://registry.npmjs.org/cordova/-/cordova-5.4.0.tgz not in flight; adding
533 verbose addRemoteTarball [ 'https://registry.npmjs.org/cordova/-/cordova-5.4.0.tgz',
533 verbose addRemoteTarball   '2ed2255c2d73c713053e84df0de24caf73502659' ]
534 info retry fetch attempt 1 at 19:42:29
535 info attempt registry request try #1 at 19:42:29
536 http fetch GET https://registry.npmjs.org/cordova/-/cordova-5.4.0.tgz
537 info retry will retry, error on last attempt: Error: 140482821674880:error:1408F119:SSL routines:SSL3_GET_RECORD:decryption failed or bad record mac:../deps/openssl/openssl/ssl/s3_pkt.c:532:
538 info retry will retry, error on last attempt: Error: 140482821674880:error:1408F119:SSL routines:SSL3_GET_RECORD:decryption failed or bad record mac:../deps/openssl/openssl/ssl/s3_pkt.c:532:
539 silly fetchAndShaCheck shasum 6b156cff37c96deae81d87c9adc03aab91cf3896
540 info attempt registry request try #2 at 19:43:08
541 http fetch GET https://registry.npmjs.org/phonegap-build/-/phonegap-build-0.9.2.tgz
542 http fetch 200 https://registry.npmjs.org/cordova/-/cordova-5.4.0.tgz
543 silly fetchAndShaCheck shasum 2ed2255c2d73c713053e84df0de24caf73502659
544 verbose addTmpTarball /tmp/npm-4372-fa631a4a/registry.npmjs.org/cordova/-/cordova-5.4.0.tgz not in flight; adding
545 verbose addTmpTarball already have metadata; skipping unpack for cordova@5.4.0
546 silly cache afterAdd cordova@5.4.0
547 verbose afterAdd /home/wamburu/.npm/cordova/5.4.0/package/package.json not in flight; writing
548 verbose afterAdd /home/wamburu/.npm/cordova/5.4.0/package/package.json written
549 info retry will retry, error on last attempt: Error: 140482821674880:error:1408F119:SSL routines:SSL3_GET_RECORD:decryption failed or bad record mac:../deps/openssl/openssl/ssl/s3_pkt.c:532:
550 info retry will retry, error on last attempt: Error: 140482821674880:error:1408F119:SSL routines:SSL3_GET_RECORD:decryption failed or bad record mac:../deps/openssl/openssl/ssl/s3_pkt.c:532:
551 silly fetchAndShaCheck shasum 7900fe1f384f8c6225a5090a76abaebc5290f594
552 verbose about to build /usr/lib/node_modules/phonegap
553 verbose unlock done using /home/wamburu/.npm/_locks/phonegap-e1442ff25c67abce.lock for /usr/lib/node_modules/phonegap
554 verbose stack Error: shasum check failed for /tmp/npm-4372-fa631a4a/registry.npmjs.org/phonegap-build/-/phonegap-build-0.9.2.tgz
554 verbose stack Expected: 6b156cff37c96deae81d87c9adc03aab91cf3896
554 verbose stack Actual:   523d93a15cd3c7c29daf985592dd46d638d4ccbf
554 verbose stack From:     https://registry.npmjs.org/phonegap-build/-/phonegap-build-0.9.2.tgz
554 verbose stack     at /usr/lib/node_modules/npm/node_modules/sha/index.js:25:8
554 verbose stack     at ReadStream.<anonymous> (/usr/lib/node_modules/npm/node_modules/sha/index.js:72:7)
554 verbose stack     at emitNone (events.js:72:20)
554 verbose stack     at ReadStream.emit (events.js:166:7)
554 verbose stack     at endReadableNT (_stream_readable.js:903:12)
554 verbose stack     at doNTCallback2 (node.js:439:9)
554 verbose stack     at process._tickCallback (node.js:353:17)
555 verbose cwd /home/wamburu/Documents/up/app
556 error Linux 3.16.0-30-generic
557 error argv "/usr/bin/nodejs" "/usr/bin/npm" "install" "-g" "phonegap"
558 error node v4.2.1
559 error npm  v2.14.7
560 error shasum check failed for /tmp/npm-4372-fa631a4a/registry.npmjs.org/phonegap-build/-/phonegap-build-0.9.2.tgz
560 error Expected: 6b156cff37c96deae81d87c9adc03aab91cf3896
560 error Actual:   523d93a15cd3c7c29daf985592dd46d638d4ccbf
560 error From:     https://registry.npmjs.org/phonegap-build/-/phonegap-build-0.9.2.tgz
561 error If you need help, you may report this error at:
561 error     <https://github.com/npm/npm/issues>
562 verbose exit [ 1, true ]
563 verbose unbuild lib/node_modules/phonegap
564 info preuninstall phonegap@5.3.7
565 info uninstall phonegap@5.3.7
566 verbose unbuild rmStuff phonegap@5.3.7 from /usr/lib/node_modules
567 silly gentlyRm /usr/bin/phonegap is being gently removed
568 silly gentlyRm verifying /usr is an npm working directory
569 silly gentlyRm containing path /usr is under npm's control, in /usr
570 silly gentlyRm deletion target /usr/bin/phonegap is under /usr
571 verbose gentlyRm vacuuming from /usr/bin/phonegap up to /usr
572 info postuninstall phonegap@5.3.7
573 silly gentlyRm /usr/lib/node_modules/phonegap is being purged from base /usr
574 verbose gentlyRm don't care about contents; nuking /usr/lib/node_modules/phonegap
575 silly vacuum-fs purging /usr/lib/node_modules/phonegap
576 silly vacuum-fs quitting because other entries in /usr/lib/node_modules
